<?xml version="1.0" encoding="UTF-8"?>
<testsuite xmlns:xsi="http://www.w3.org/2001/XMLSchema-instance" xsi:noNamespaceSchemaLocation="https://maven.apache.org/surefire/maven-failsafe-plugin/xsd/failsafe-test-report-3.0.xsd" version="3.0" name="starter.CucumberTestSuite" time="29.969" tests="9" errors="0" skipped="0" failures="0">
  <properties>
[...]
</properties>
  <testcase name="user on dashboard for login" classname="As a user i can login with valid credential" time="14.955">
    <system-out><![CDATA[20:41:41.165 [main] DEBUG net.thucydides.core.guice.Injectors - Created injector for module net.thucydides.core.guice.ThucydidesModule
20:41:41.488 [main] DEBUG io.cucumber.core.plugin.SerenityReporter - Running feature from file:///C:/Users/zaldi/Downloads/Mobile%20-%20MP/src/test/resources/features/Login.feature
20:41:41.721 [main] DEBUG net.thucydides.core.guice.Injectors - Created injector for module net.thucydides.core.guice.webdriver.WebDriverModule
20:41:41.739 [main] INFO  - 

-------------------------------------------------------------------------------------
     _______. _______ .______       _______ .__   __.  __  .___________.____    ____ 
    /       ||   ____||   _  \     |   ____||  \ |  | |  | |           |\   \  /   / 
   |   (----`|  |__   |  |_)  |    |  |__   |   \|  | |  | `---|  |----` \   \/   /  
    \   \    |   __|  |      /     |   __|  |  . `  | |  |     |  |       \_    _/   
.----)   |   |  |____ |  |\  \----.|  |____ |  |\   | |  |     |  |         |  |     
|_______/    |_______|| _| `._____||_______||__| \__| |__|     |__|         |__|    
                                                                                     
 News and tutorials at http://www.serenity-bdd.info                                  
 Documentation at https://wakaleo.gitbooks.io/the-serenity-book/content/             
 Join the Serenity Community on Gitter: https://gitter.im/serenity-bdd/serenity-core 
 Serenity BDD Support and Training at http://serenity-bdd.info/#/trainingandsupport  
-------------------------------------------------------------------------------------

20:41:41.744 [main] DEBUG net.thucydides.core.steps.StepEventBus - Test suite started for story net.thucydides.core.model.Story@a077a8ae
20:41:41.746 [main] INFO  - Test Suite Started: As a user i have be able to login so that i can see home screen
20:41:41.766 [main] DEBUG io.cucumber.core.plugin.SerenityReporter - Running feature from file:///C:/Users/zaldi/Downloads/Mobile%20-%20MP/src/test/resources/features/Register.feature
20:41:41.769 [main] DEBUG net.thucydides.core.steps.StepEventBus - Test suite started for story net.thucydides.core.model.Story@640197e1
20:41:41.770 [main] INFO  - Test Suite Started: As a user i have be able to resgister so that i can see home screen
20:41:41.770 [main] DEBUG io.cucumber.core.plugin.SerenityReporter - Running feature from file:///C:/Users/zaldi/Downloads/Mobile%20-%20MP/src/test/resources/features/Login.feature
20:41:41.773 [main] DEBUG net.thucydides.core.steps.StepEventBus - Test suite started for story net.thucydides.core.model.Story@a077a8ae
20:41:41.774 [main] INFO  - Test Suite Started: As a user i have be able to login so that i can see home screen
20:41:41.860 [main] DEBUG io.cucumber.core.plugin.SerenityReporter - Running feature from file:///C:/Users/zaldi/Downloads/Mobile%20-%20MP/src/test/resources/features/Login.feature
20:41:42.043 [main] INFO  - 
  _____   ___   ___   _____     ___   _____     _     ___   _____   ___   ___  
 |_   _| | __| / __| |_   _|   / __| |_   _|   /_\   | _ \ |_   _| | __| |   \ 
   | |   | _|  \__ \   | |     \__ \   | |    / _ \  |   /   | |   | _|  | |) |
   |_|   |___| |___/   |_|     |___/   |_|   /_/ \_\ |_|_\   |_|   |___| |___/ 

As a user i can login with valid credential(as-a-user-i-have-be-able-to-login-so-that-i-can-see-home-screen;as-a-user-i-can-login-with-valid-credential)
--------------------------------------------------------------------------------
20:41:42.134 [main] DEBUG net.thucydides.core.requirements.model.cucumber.CucumberParser - Loading feature C:\Users\zaldi\Downloads\Mobile - MP\src\test\resources\features\Login.feature
20:41:42.160 [main] DEBUG net.thucydides.core.requirements.model.cucumber.CucumberParser - Loading feature C:\Users\zaldi\Downloads\Mobile - MP\src\test\resources\features\Register.feature
20:41:42.896 [main] DEBUG net.thucydides.core.steps.StepInterceptor - STARTING STEP: UserSteps.userOnLoginPageForLogin - user on dashboard for login
20:41:43.000 [main] DEBUG io.netty.util.internal.logging.InternalLoggerFactory - Using SLF4J as the default logging framework
20:41:43.006 [main] DEBUG io.netty.util.ResourceLeakDetector - -Dio.netty.leakDetection.level: simple
20:41:43.007 [main] DEBUG io.netty.util.ResourceLeakDetector - -Dio.netty.leakDetection.targetRecords: 4
20:41:43.014 [main] DEBUG io.netty.util.ResourceLeakDetectorFactory - Loaded default ResourceLeakDetector: io.netty.util.ResourceLeakDetector@16da476c
20:41:43.050 [main] DEBUG io.netty.util.internal.PlatformDependent0 - -Dio.netty.noUnsafe: false
20:41:43.051 [main] DEBUG io.netty.util.internal.PlatformDependent0 - Java version: 16
20:41:43.052 [main] DEBUG io.netty.util.internal.PlatformDependent0 - sun.misc.Unsafe.theUnsafe: available
20:41:43.053 [main] DEBUG io.netty.util.internal.PlatformDependent0 - sun.misc.Unsafe.copyMemory: available
20:41:43.054 [main] DEBUG io.netty.util.internal.PlatformDependent0 - sun.misc.Unsafe.storeFence: available
20:41:43.055 [main] DEBUG io.netty.util.internal.PlatformDependent0 - java.nio.Buffer.address: available
20:41:43.056 [main] DEBUG io.netty.util.internal.PlatformDependent0 - direct buffer constructor: unavailable: Reflective setAccessible(true) disabled
20:41:43.056 [main] DEBUG io.netty.util.internal.PlatformDependent0 - java.nio.Bits.unaligned: available, true
20:41:43.057 [main] DEBUG io.netty.util.internal.PlatformDependent0 - jdk.internal.misc.Unsafe.allocateUninitializedArray(int): unavailable: class io.netty.util.internal.PlatformDependent0$7 cannot access class jdk.internal.misc.Unsafe (in module java.base) because module java.base does not export jdk.internal.misc to unnamed module @306f16f3
20:41:43.061 [main] DEBUG io.netty.util.internal.PlatformDependent0 - java.nio.DirectByteBuffer.<init>(long, int): unavailable
20:41:43.061 [main] DEBUG io.netty.util.internal.PlatformDependent - sun.misc.Unsafe: available
20:41:43.064 [main] DEBUG io.netty.util.internal.PlatformDependent - maxDirectMemory: 2139095040 bytes (maybe)
20:41:43.064 [main] DEBUG io.netty.util.internal.PlatformDependent - -Dio.netty.tmpdir: C:\Users\zaldi\AppData\Local\Temp (java.io.tmpdir)
20:41:43.065 [main] DEBUG io.netty.util.internal.PlatformDependent - -Dio.netty.bitMode: 64 (sun.arch.data.model)
20:41:43.065 [main] DEBUG io.netty.util.internal.PlatformDependent - Platform: Windows
20:41:43.066 [main] DEBUG io.netty.util.internal.PlatformDependent - -Dio.netty.maxDirectMemory: -1 bytes
20:41:43.066 [main] DEBUG io.netty.util.internal.PlatformDependent - -Dio.netty.uninitializedArrayAllocationThreshold: -1
20:41:43.066 [main] DEBUG io.netty.util.internal.CleanerJava9 - java.nio.ByteBuffer.cleaner(): available
20:41:43.067 [main] DEBUG io.netty.util.internal.PlatformDependent - -Dio.netty.noPreferDirect: false
20:41:43.077 [main] DEBUG io.netty.util.internal.PlatformDependent - org.jctools-core.MpscChunkedArrayQueue: available
20:41:43.109 [main] DEBUG io.netty.util.internal.InternalThreadLocalMap - -Dio.netty.threadLocalMap.stringBuilder.initialSize: 1024
20:41:43.109 [main] DEBUG io.netty.util.internal.InternalThreadLocalMap - -Dio.netty.threadLocalMap.stringBuilder.maxSize: 4096
20:41:43.349 [main] DEBUG io.netty.handler.ssl.JdkSslContext - Default protocols (JDK): [TLSv1.3, TLSv1.2] 
20:41:43.349 [main] DEBUG io.netty.handler.ssl.JdkSslContext - Default cipher suites (JDK): [TLS_ECDHE_ECDSA_WITH_AES_256_GCM_SHA384, TLS_ECDHE_ECDSA_WITH_AES_128_GCM_SHA256, TLS_ECDHE_RSA_WITH_AES_128_GCM_SHA256, TLS_ECDHE_RSA_WITH_AES_256_GCM_SHA384, TLS_ECDHE_RSA_WITH_AES_128_CBC_SHA, TLS_ECDHE_RSA_WITH_AES_256_CBC_SHA, TLS_RSA_WITH_AES_128_GCM_SHA256, TLS_RSA_WITH_AES_128_CBC_SHA, TLS_RSA_WITH_AES_256_CBC_SHA, TLS_AES_128_GCM_SHA256, TLS_AES_256_GCM_SHA384]
20:41:43.365 [main] DEBUG io.netty.util.concurrent.GlobalEventExecutor - -Dio.netty.globalEventExecutor.quietPeriodSeconds: 1
20:41:43.385 [main] DEBUG io.netty.channel.MultithreadEventLoopGroup - -Dio.netty.eventLoopThreads: 8
20:41:43.400 [main] DEBUG io.netty.channel.nio.NioEventLoop - -Dio.netty.noKeySetOptimization: false
20:41:43.400 [main] DEBUG io.netty.channel.nio.NioEventLoop - -Dio.netty.selectorAutoRebuildThreshold: 512
20:41:43.470 [main] DEBUG io.netty.buffer.PooledByteBufAllocator - -Dio.netty.allocator.numHeapArenas: 8
20:41:43.471 [main] DEBUG io.netty.buffer.PooledByteBufAllocator - -Dio.netty.allocator.numDirectArenas: 8
20:41:43.471 [main] DEBUG io.netty.buffer.PooledByteBufAllocator - -Dio.netty.allocator.pageSize: 8192
20:41:43.471 [main] DEBUG io.netty.buffer.PooledByteBufAllocator - -Dio.netty.allocator.maxOrder: 9
20:41:43.471 [main] DEBUG io.netty.buffer.PooledByteBufAllocator - -Dio.netty.allocator.chunkSize: 4194304
20:41:43.471 [main] DEBUG io.netty.buffer.PooledByteBufAllocator - -Dio.netty.allocator.smallCacheSize: 256
20:41:43.471 [main] DEBUG io.netty.buffer.PooledByteBufAllocator - -Dio.netty.allocator.normalCacheSize: 64
20:41:43.471 [main] DEBUG io.netty.buffer.PooledByteBufAllocator - -Dio.netty.allocator.maxCachedBufferCapacity: 32768
20:41:43.471 [main] DEBUG io.netty.buffer.PooledByteBufAllocator - -Dio.netty.allocator.cacheTrimInterval: 8192
20:41:43.471 [main] DEBUG io.netty.buffer.PooledByteBufAllocator - -Dio.netty.allocator.cacheTrimIntervalMillis: 0
20:41:43.471 [main] DEBUG io.netty.buffer.PooledByteBufAllocator - -Dio.netty.allocator.useCacheForAllThreads: false
20:41:43.471 [main] DEBUG io.netty.buffer.PooledByteBufAllocator - -Dio.netty.allocator.maxCachedByteBuffersPerChunk: 1023
20:41:43.485 [main] DEBUG io.netty.buffer.ByteBufUtil - -Dio.netty.allocator.type: pooled
20:41:43.486 [main] DEBUG io.netty.buffer.ByteBufUtil - -Dio.netty.threadLocalDirectBufferSize: 0
20:41:43.486 [main] DEBUG io.netty.buffer.ByteBufUtil - -Dio.netty.maxThreadLocalCharBufferSize: 16384
20:41:43.684 [Forwarding newSession on session null to remote] DEBUG io.netty.channel.DefaultChannelId - -Dio.netty.processId: 5508 (auto-detected)
20:41:43.687 [Forwarding newSession on session null to remote] DEBUG io.netty.util.NetUtil - -Djava.net.preferIPv4Stack: false
20:41:43.687 [Forwarding newSession on session null to remote] DEBUG io.netty.util.NetUtil - -Djava.net.preferIPv6Addresses: false
20:41:43.692 [Forwarding newSession on session null to remote] DEBUG io.netty.util.NetUtilInitializations - Loopback interface: lo (Software Loopback Interface 1, 127.0.0.1)
20:41:43.693 [Forwarding newSession on session null to remote] DEBUG io.netty.util.NetUtil - Failed to get SOMAXCONN from sysctl and file \proc\sys\net\core\somaxconn. Default: 200
20:41:43.698 [Forwarding newSession on session null to remote] DEBUG io.netty.channel.DefaultChannelId - -Dio.netty.machineId: 00:00:00:00:00:00:00:e0 (auto-detected)
20:41:43.758 [AsyncHttpClient-1-2] DEBUG io.netty.buffer.AbstractByteBuf - -Dio.netty.buffer.checkAccessible: true
20:41:43.759 [AsyncHttpClient-1-2] DEBUG io.netty.buffer.AbstractByteBuf - -Dio.netty.buffer.checkBounds: true
20:41:43.759 [AsyncHttpClient-1-2] DEBUG io.netty.util.ResourceLeakDetectorFactory - Loaded default ResourceLeakDetector: io.netty.util.ResourceLeakDetector@79d2ae38
20:41:43.775 [AsyncHttpClient-1-2] DEBUG org.asynchttpclient.netty.channel.NettyConnectListener - Using new Channel '[id: 0x07de3fa5, L:/127.0.0.1:64644 - R:/127.0.0.1:4723]' for 'POST' to '/wd/hub/session'
20:41:43.790 [AsyncHttpClient-1-2] DEBUG io.netty.util.Recycler - -Dio.netty.recycler.maxCapacityPerThread: 4096
20:41:43.790 [AsyncHttpClient-1-2] DEBUG io.netty.util.Recycler - -Dio.netty.recycler.ratio: 8
20:41:43.790 [AsyncHttpClient-1-2] DEBUG io.netty.util.Recycler - -Dio.netty.recycler.chunkSize: 32
20:41:43.790 [AsyncHttpClient-1-2] DEBUG io.netty.util.Recycler - -Dio.netty.recycler.blocking: false
20:41:43.790 [AsyncHttpClient-1-2] DEBUG io.netty.util.Recycler - -Dio.netty.recycler.batchFastThreadLocalOnly: true
20:41:55.745 [AsyncHttpClient-1-2] DEBUG io.netty.handler.codec.compression.Brotli - brotli4j not in the classpath; Brotli support will be unavailable.
20:41:55.746 [AsyncHttpClient-1-2] DEBUG org.asynchttpclient.netty.handler.HttpHandler - 

Request DefaultHttpRequest(decodeResult: success, version: HTTP/1.1)
POST /wd/hub/session HTTP/1.1
X-Idempotency-Key: 5e70d254-ae9d-4ec9-9f7b-8ba86cbed411
User-Agent: appium/8.3.0 (selenium/4.8.1 (java windows))
Content-Length: 306
Content-Type: application/json; charset=utf-8
host: 0.0.0.0:4723
accept: */*

Response DefaultHttpResponse(decodeResult: success, version: HTTP/1.1)
HTTP/1.1 200 OK
X-Powered-By: Express
Vary: X-HTTP-Method-Override
Content-Type: application/json; charset=utf-8
Content-Length: 929
ETag: W/"3a1-rMROLyc7PdikRPVqbs6XxZ8/ypA"
Date: Wed, 10 May 2023 13:41:55 GMT
Connection: keep-alive
Keep-Alive: timeout=600

20:41:55.785 [AsyncHttpClient-1-2] DEBUG org.asynchttpclient.netty.channel.ChannelManager - Adding key: http://0.0.0.0:4723 for channel [id: 0x07de3fa5, L:/127.0.0.1:64644 - R:/127.0.0.1:4723]
20:41:56.270 [Forwarding setTimeout on session 84188b48-4b27-4627-bcff-ec6811b29a8c to remote] DEBUG org.asynchttpclient.netty.request.NettyRequestSender - Using pooled Channel '[id: 0x07de3fa5, L:/127.0.0.1:64644 - R:/127.0.0.1:4723]' for 'POST' to 'http://0.0.0.0:4723/wd/hub/session/84188b48-4b27-4627-bcff-ec6811b29a8c/timeouts'
20:41:56.271 [Forwarding setTimeout on session 84188b48-4b27-4627-bcff-ec6811b29a8c to remote] DEBUG org.asynchttpclient.netty.request.NettyRequestSender - Using open Channel [id: 0x07de3fa5, L:/127.0.0.1:64644 - R:/127.0.0.1:4723] for POST '/wd/hub/session/84188b48-4b27-4627-bcff-ec6811b29a8c/timeouts'
20:41:56.289 [AsyncHttpClient-1-2] DEBUG org.asynchttpclient.netty.handler.HttpHandler - 

Request DefaultHttpRequest(decodeResult: success, version: HTTP/1.1)
POST /wd/hub/session/84188b48-4b27-4627-bcff-ec6811b29a8c/timeouts HTTP/1.1
User-Agent: appium/8.3.0 (selenium/4.8.1 (java windows))
Content-Length: 23
Content-Type: application/json; charset=utf-8
host: 0.0.0.0:4723
accept: */*

Response DefaultHttpResponse(decodeResult: success, version: HTTP/1.1)
HTTP/1.1 200 OK
X-Powered-By: Express
Vary: X-HTTP-Method-Override
Content-Type: application/json; charset=utf-8
Content-Length: 14
ETag: W/"e-9/1BuKMgFObM1mWJm+YjxtXJnUM"
Date: Wed, 10 May 2023 13:41:56 GMT
Connection: keep-alive
Keep-Alive: timeout=600

20:41:56.290 [AsyncHttpClient-1-2] DEBUG org.asynchttpclient.netty.channel.ChannelManager - Adding key: http://0.0.0.0:4723 for channel [id: 0x07de3fa5, L:/127.0.0.1:64644 - R:/127.0.0.1:4723]
20:41:56.306 [Forwarding findElement on session 84188b48-4b27-4627-bcff-ec6811b29a8c to remote] DEBUG org.asynchttpclient.netty.request.NettyRequestSender - Using pooled Channel '[id: 0x07de3fa5, L:/127.0.0.1:64644 - R:/127.0.0.1:4723]' for 'POST' to 'http://0.0.0.0:4723/wd/hub/session/84188b48-4b27-4627-bcff-ec6811b29a8c/element'
20:41:56.307 [Forwarding findElement on session 84188b48-4b27-4627-bcff-ec6811b29a8c to remote] DEBUG org.asynchttpclient.netty.request.NettyRequestSender - Using open Channel [id: 0x07de3fa5, L:/127.0.0.1:64644 - R:/127.0.0.1:4723] for POST '/wd/hub/session/84188b48-4b27-4627-bcff-ec6811b29a8c/element'
20:41:57.076 [AsyncHttpClient-1-2] DEBUG org.asynchttpclient.netty.handler.HttpHandler - 

Request DefaultHttpRequest(decodeResult: success, version: HTTP/1.1)
POST /wd/hub/session/84188b48-4b27-4627-bcff-ec6811b29a8c/element HTTP/1.1
User-Agent: appium/8.3.0 (selenium/4.8.1 (java windows))
Content-Length: 326
Content-Type: application/json; charset=utf-8
host: 0.0.0.0:4723
accept: */*

Response DefaultHttpResponse(decodeResult: success, version: HTTP/1.1)
HTTP/1.1 200 OK
X-Powered-By: Express
Vary: X-HTTP-Method-Override
Content-Type: application/json; charset=utf-8
Content-Length: 137
ETag: W/"89-plPzENMEtu/no5jIbyp2X+x21VY"
Date: Wed, 10 May 2023 13:41:57 GMT
Connection: keep-alive
Keep-Alive: timeout=600

20:41:57.077 [AsyncHttpClient-1-2] DEBUG org.asynchttpclient.netty.channel.ChannelManager - Adding key: http://0.0.0.0:4723 for channel [id: 0x07de3fa5, L:/127.0.0.1:64644 - R:/127.0.0.1:4723]
20:41:57.084 [Forwarding isElementDisplayed on session 84188b48-4b27-4627-bcff-ec6811b29a8c to remote] DEBUG org.asynchttpclient.netty.request.NettyRequestSender - Using pooled Channel '[id: 0x07de3fa5, L:/127.0.0.1:64644 - R:/127.0.0.1:4723]' for 'GET' to 'http://0.0.0.0:4723/wd/hub/session/84188b48-4b27-4627-bcff-ec6811b29a8c/element/00000000-0000-001d-0000-000700000003/displayed'
20:41:57.084 [Forwarding isElementDisplayed on session 84188b48-4b27-4627-bcff-ec6811b29a8c to remote] DEBUG org.asynchttpclient.netty.request.NettyRequestSender - Using open Channel [id: 0x07de3fa5, L:/127.0.0.1:64644 - R:/127.0.0.1:4723] for GET '/wd/hub/session/84188b48-4b27-4627-bcff-ec6811b29a8c/element/00000000-0000-001d-0000-000700000003/displayed'
20:41:57.107 [AsyncHttpClient-1-2] DEBUG org.asynchttpclient.netty.handler.HttpHandler - 

Request DefaultFullHttpRequest(decodeResult: success, version: HTTP/1.1, content: EmptyByteBufBE)
GET /wd/hub/session/84188b48-4b27-4627-bcff-ec6811b29a8c/element/00000000-0000-001d-0000-000700000003/displayed HTTP/1.1
User-Agent: appium/8.3.0 (selenium/4.8.1 (java windows))
Cache-Control: no-cache
Content-Type: application/json; charset=utf-8
host: 0.0.0.0:4723
accept: */*

Response DefaultHttpResponse(decodeResult: success, version: HTTP/1.1)
HTTP/1.1 200 OK
X-Powered-By: Express
Content-Type: application/json; charset=utf-8
Content-Length: 14
ETag: W/"e-2ZHvAWebNQpyjGZTg6uyV8/spTo"
Date: Wed, 10 May 2023 13:41:57 GMT
Connection: keep-alive
Keep-Alive: timeout=600

20:41:57.107 [AsyncHttpClient-1-2] DEBUG org.asynchttpclient.netty.channel.ChannelManager - Adding key: http://0.0.0.0:4723 for channel [id: 0x07de3fa5, L:/127.0.0.1:64644 - R:/127.0.0.1:4723]
20:41:57.109 [Forwarding isElementDisplayed on session 84188b48-4b27-4627-bcff-ec6811b29a8c to remote] DEBUG org.asynchttpclient.netty.request.NettyRequestSender - Using pooled Channel '[id: 0x07de3fa5, L:/127.0.0.1:64644 - R:/127.0.0.1:4723]' for 'GET' to 'http://0.0.0.0:4723/wd/hub/session/84188b48-4b27-4627-bcff-ec6811b29a8c/element/00000000-0000-001d-0000-000700000003/displayed'
20:41:57.109 [Forwarding isElementDisplayed on session 84188b48-4b27-4627-bcff-ec6811b29a8c to remote] DEBUG org.asynchttpclient.netty.request.NettyRequestSender - Using open Channel [id: 0x07de3fa5, L:/127.0.0.1:64644 - R:/127.0.0.1:4723] for GET '/wd/hub/session/84188b48-4b27-4627-bcff-ec6811b29a8c/element/00000000-0000-001d-0000-000700000003/displayed'
20:41:57.137 [AsyncHttpClient-1-2] DEBUG org.asynchttpclient.netty.handler.HttpHandler - 

Request DefaultFullHttpRequest(decodeResult: success, version: HTTP/1.1, content: EmptyByteBufBE)
GET /wd/hub/session/84188b48-4b27-4627-bcff-ec6811b29a8c/element/00000000-0000-001d-0000-000700000003/displayed HTTP/1.1
User-Agent: appium/8.3.0 (selenium/4.8.1 (java windows))
Cache-Control: no-cache
Content-Type: application/json; charset=utf-8
host: 0.0.0.0:4723
accept: */*

Response DefaultHttpResponse(decodeResult: success, version: HTTP/1.1)
HTTP/1.1 200 OK
X-Powered-By: Express
Content-Type: application/json; charset=utf-8
Content-Length: 14
ETag: W/"e-2ZHvAWebNQpyjGZTg6uyV8/spTo"
Date: Wed, 10 May 2023 13:41:57 GMT
Connection: keep-alive
Keep-Alive: timeout=600

20:41:57.137 [AsyncHttpClient-1-2] DEBUG org.asynchttpclient.netty.channel.ChannelManager - Adding key: http://0.0.0.0:4723 for channel [id: 0x07de3fa5, L:/127.0.0.1:64644 - R:/127.0.0.1:4723]
20:41:57.152 [main] DEBUG net.thucydides.core.steps.StepInterceptor - STEP DONE: user on dashboard for login
]]></system-out>
    <system-err><![CDATA[SLF4J: Class path contains multiple SLF4J bindings.
SLF4J: Found binding in [jar:file:/C:/Users/zaldi/.m2/repository/ch/qos/logback/logback-classic/1.2.10/logback-classic-1.2.10.jar!/org/slf4j/impl/StaticLoggerBinder.class]
SLF4J: Found binding in [jar:file:/C:/Users/zaldi/.m2/repository/org/slf4j/slf4j-simple/1.7.7/slf4j-simple-1.7.7.jar!/org/slf4j/impl/StaticLoggerBinder.class]
SLF4J: See http://www.slf4j.org/codes.html#multiple_bindings for an explanation.
SLF4J: Actual binding is of type [ch.qos.logback.classic.util.ContextSelectorStaticBinder]
]]></system-err>
  </testcase>
  <testcase name="user click logout for login" classname="As a user i can login with valid credential" time="0.346">
    <system-out><![CDATA[20:41:57.171 [main] DEBUG net.thucydides.core.steps.StepInterceptor - STARTING STEP: UserSteps.userClickLogoutForLogin - user click logout for login
20:41:57.175 [Forwarding findElement on session 84188b48-4b27-4627-bcff-ec6811b29a8c to remote] DEBUG org.asynchttpclient.netty.request.NettyRequestSender - Using pooled Channel '[id: 0x07de3fa5, L:/127.0.0.1:64644 - R:/127.0.0.1:4723]' for 'POST' to 'http://0.0.0.0:4723/wd/hub/session/84188b48-4b27-4627-bcff-ec6811b29a8c/element'
20:41:57.175 [Forwarding findElement on session 84188b48-4b27-4627-bcff-ec6811b29a8c to remote] DEBUG org.asynchttpclient.netty.request.NettyRequestSender - Using open Channel [id: 0x07de3fa5, L:/127.0.0.1:64644 - R:/127.0.0.1:4723] for POST '/wd/hub/session/84188b48-4b27-4627-bcff-ec6811b29a8c/element'
20:41:57.337 [AsyncHttpClient-1-2] DEBUG org.asynchttpclient.netty.handler.HttpHandler - 

Request DefaultHttpRequest(decodeResult: success, version: HTTP/1.1)
POST /wd/hub/session/84188b48-4b27-4627-bcff-ec6811b29a8c/element HTTP/1.1
User-Agent: appium/8.3.0 (selenium/4.8.1 (java windows))
Content-Length: 326
Content-Type: application/json; charset=utf-8
host: 0.0.0.0:4723
accept: */*

Response DefaultHttpResponse(decodeResult: success, version: HTTP/1.1)
HTTP/1.1 200 OK
X-Powered-By: Express
Vary: X-HTTP-Method-Override
Content-Type: application/json; charset=utf-8
Content-Length: 137
ETag: W/"89-plPzENMEtu/no5jIbyp2X+x21VY"
Date: Wed, 10 May 2023 13:41:57 GMT
Connection: keep-alive
Keep-Alive: timeout=600

20:41:57.338 [AsyncHttpClient-1-2] DEBUG org.asynchttpclient.netty.channel.ChannelManager - Adding key: http://0.0.0.0:4723 for channel [id: 0x07de3fa5, L:/127.0.0.1:64644 - R:/127.0.0.1:4723]
20:41:57.341 [Forwarding isElementDisplayed on session 84188b48-4b27-4627-bcff-ec6811b29a8c to remote] DEBUG org.asynchttpclient.netty.request.NettyRequestSender - Using pooled Channel '[id: 0x07de3fa5, L:/127.0.0.1:64644 - R:/127.0.0.1:4723]' for 'GET' to 'http://0.0.0.0:4723/wd/hub/session/84188b48-4b27-4627-bcff-ec6811b29a8c/element/00000000-0000-001d-0000-000700000003/displayed'
20:41:57.341 [Forwarding isElementDisplayed on session 84188b48-4b27-4627-bcff-ec6811b29a8c to remote] DEBUG org.asynchttpclient.netty.request.NettyRequestSender - Using open Channel [id: 0x07de3fa5, L:/127.0.0.1:64644 - R:/127.0.0.1:4723] for GET '/wd/hub/session/84188b48-4b27-4627-bcff-ec6811b29a8c/element/00000000-0000-001d-0000-000700000003/displayed'
20:41:57.372 [AsyncHttpClient-1-2] DEBUG org.asynchttpclient.netty.handler.HttpHandler - 

Request DefaultFullHttpRequest(decodeResult: success, version: HTTP/1.1, content: EmptyByteBufBE)
GET /wd/hub/session/84188b48-4b27-4627-bcff-ec6811b29a8c/element/00000000-0000-001d-0000-000700000003/displayed HTTP/1.1
User-Agent: appium/8.3.0 (selenium/4.8.1 (java windows))
Cache-Control: no-cache
Content-Type: application/json; charset=utf-8
host: 0.0.0.0:4723
accept: */*

Response DefaultHttpResponse(decodeResult: success, version: HTTP/1.1)
HTTP/1.1 200 OK
X-Powered-By: Express
Content-Type: application/json; charset=utf-8
Content-Length: 14
ETag: W/"e-2ZHvAWebNQpyjGZTg6uyV8/spTo"
Date: Wed, 10 May 2023 13:41:57 GMT
Connection: keep-alive
Keep-Alive: timeout=600

20:41:57.372 [AsyncHttpClient-1-2] DEBUG org.asynchttpclient.netty.channel.ChannelManager - Adding key: http://0.0.0.0:4723 for channel [id: 0x07de3fa5, L:/127.0.0.1:64644 - R:/127.0.0.1:4723]
20:41:57.375 [Forwarding isElementEnabled on session 84188b48-4b27-4627-bcff-ec6811b29a8c to remote] DEBUG org.asynchttpclient.netty.request.NettyRequestSender - Using pooled Channel '[id: 0x07de3fa5, L:/127.0.0.1:64644 - R:/127.0.0.1:4723]' for 'GET' to 'http://0.0.0.0:4723/wd/hub/session/84188b48-4b27-4627-bcff-ec6811b29a8c/element/00000000-0000-001d-0000-000700000003/enabled'
20:41:57.375 [Forwarding isElementEnabled on session 84188b48-4b27-4627-bcff-ec6811b29a8c to remote] DEBUG org.asynchttpclient.netty.request.NettyRequestSender - Using open Channel [id: 0x07de3fa5, L:/127.0.0.1:64644 - R:/127.0.0.1:4723] for GET '/wd/hub/session/84188b48-4b27-4627-bcff-ec6811b29a8c/element/00000000-0000-001d-0000-000700000003/enabled'
20:41:57.398 [AsyncHttpClient-1-2] DEBUG org.asynchttpclient.netty.handler.HttpHandler - 

Request DefaultFullHttpRequest(decodeResult: success, version: HTTP/1.1, content: EmptyByteBufBE)
GET /wd/hub/session/84188b48-4b27-4627-bcff-ec6811b29a8c/element/00000000-0000-001d-0000-000700000003/enabled HTTP/1.1
User-Agent: appium/8.3.0 (selenium/4.8.1 (java windows))
Cache-Control: no-cache
Content-Type: application/json; charset=utf-8
host: 0.0.0.0:4723
accept: */*

Response DefaultHttpResponse(decodeResult: success, version: HTTP/1.1)
HTTP/1.1 200 OK
X-Powered-By: Express
Content-Type: application/json; charset=utf-8
Content-Length: 14
ETag: W/"e-2ZHvAWebNQpyjGZTg6uyV8/spTo"
Date: Wed, 10 May 2023 13:41:57 GMT
Connection: keep-alive
Keep-Alive: timeout=600

20:41:57.398 [AsyncHttpClient-1-2] DEBUG org.asynchttpclient.netty.channel.ChannelManager - Adding key: http://0.0.0.0:4723 for channel [id: 0x07de3fa5, L:/127.0.0.1:64644 - R:/127.0.0.1:4723]
20:41:57.400 [Forwarding clickElement on session 84188b48-4b27-4627-bcff-ec6811b29a8c to remote] DEBUG org.asynchttpclient.netty.request.NettyRequestSender - Using pooled Channel '[id: 0x07de3fa5, L:/127.0.0.1:64644 - R:/127.0.0.1:4723]' for 'POST' to 'http://0.0.0.0:4723/wd/hub/session/84188b48-4b27-4627-bcff-ec6811b29a8c/element/00000000-0000-001d-0000-000700000003/click'
20:41:57.400 [Forwarding clickElement on session 84188b48-4b27-4627-bcff-ec6811b29a8c to remote] DEBUG org.asynchttpclient.netty.request.NettyRequestSender - Using open Channel [id: 0x07de3fa5, L:/127.0.0.1:64644 - R:/127.0.0.1:4723] for POST '/wd/hub/session/84188b48-4b27-4627-bcff-ec6811b29a8c/element/00000000-0000-001d-0000-000700000003/click'
20:41:57.508 [AsyncHttpClient-1-2] DEBUG org.asynchttpclient.netty.handler.HttpHandler - 

Request DefaultHttpRequest(decodeResult: success, version: HTTP/1.1)
POST /wd/hub/session/84188b48-4b27-4627-bcff-ec6811b29a8c/element/00000000-0000-001d-0000-000700000003/click HTTP/1.1
User-Agent: appium/8.3.0 (selenium/4.8.1 (java windows))
Content-Length: 50
Content-Type: application/json; charset=utf-8
host: 0.0.0.0:4723
accept: */*

Response DefaultHttpResponse(decodeResult: success, version: HTTP/1.1)
HTTP/1.1 200 OK
X-Powered-By: Express
Vary: X-HTTP-Method-Override
Content-Type: application/json; charset=utf-8
Content-Length: 14
ETag: W/"e-9/1BuKMgFObM1mWJm+YjxtXJnUM"
Date: Wed, 10 May 2023 13:41:57 GMT
Connection: keep-alive
Keep-Alive: timeout=600

20:41:57.509 [AsyncHttpClient-1-2] DEBUG org.asynchttpclient.netty.channel.ChannelManager - Adding key: http://0.0.0.0:4723 for channel [id: 0x07de3fa5, L:/127.0.0.1:64644 - R:/127.0.0.1:4723]
20:41:57.510 [main] DEBUG net.thucydides.core.steps.StepInterceptor - STEP DONE: user click logout for login
]]></system-out>
  </testcase>
  <testcase name="user on login page for login" classname="As a user i can login with valid credential" time="0.882">
    <system-out><![CDATA[20:41:57.520 [main] DEBUG net.thucydides.core.steps.StepInterceptor - STARTING STEP: UserSteps.userOnLoginPage - user click email field
20:41:57.528 [Forwarding findElement on session 84188b48-4b27-4627-bcff-ec6811b29a8c to remote] DEBUG org.asynchttpclient.netty.request.NettyRequestSender - Using pooled Channel '[id: 0x07de3fa5, L:/127.0.0.1:64644 - R:/127.0.0.1:4723]' for 'POST' to 'http://0.0.0.0:4723/wd/hub/session/84188b48-4b27-4627-bcff-ec6811b29a8c/element'
20:41:57.528 [Forwarding findElement on session 84188b48-4b27-4627-bcff-ec6811b29a8c to remote] DEBUG org.asynchttpclient.netty.request.NettyRequestSender - Using open Channel [id: 0x07de3fa5, L:/127.0.0.1:64644 - R:/127.0.0.1:4723] for POST '/wd/hub/session/84188b48-4b27-4627-bcff-ec6811b29a8c/element'
20:41:58.349 [AsyncHttpClient-1-2] DEBUG org.asynchttpclient.netty.handler.HttpHandler - 

Request DefaultHttpRequest(decodeResult: success, version: HTTP/1.1)
POST /wd/hub/session/84188b48-4b27-4627-bcff-ec6811b29a8c/element HTTP/1.1
User-Agent: appium/8.3.0 (selenium/4.8.1 (java windows))
Content-Length: 95
Content-Type: application/json; charset=utf-8
host: 0.0.0.0:4723
accept: */*

Response DefaultHttpResponse(decodeResult: success, version: HTTP/1.1)
HTTP/1.1 200 OK
X-Powered-By: Express
Vary: X-HTTP-Method-Override
Content-Type: application/json; charset=utf-8
Content-Length: 137
ETag: W/"89-hklqSpAyPW6VZDee70UBgC6y46E"
Date: Wed, 10 May 2023 13:41:58 GMT
Connection: keep-alive
Keep-Alive: timeout=600

20:41:58.349 [AsyncHttpClient-1-2] DEBUG org.asynchttpclient.netty.channel.ChannelManager - Adding key: http://0.0.0.0:4723 for channel [id: 0x07de3fa5, L:/127.0.0.1:64644 - R:/127.0.0.1:4723]
20:41:58.351 [Forwarding isElementDisplayed on session 84188b48-4b27-4627-bcff-ec6811b29a8c to remote] DEBUG org.asynchttpclient.netty.request.NettyRequestSender - Using pooled Channel '[id: 0x07de3fa5, L:/127.0.0.1:64644 - R:/127.0.0.1:4723]' for 'GET' to 'http://0.0.0.0:4723/wd/hub/session/84188b48-4b27-4627-bcff-ec6811b29a8c/element/00000000-0000-001d-0000-002900000003/displayed'
20:41:58.351 [Forwarding isElementDisplayed on session 84188b48-4b27-4627-bcff-ec6811b29a8c to remote] DEBUG org.asynchttpclient.netty.request.NettyRequestSender - Using open Channel [id: 0x07de3fa5, L:/127.0.0.1:64644 - R:/127.0.0.1:4723] for GET '/wd/hub/session/84188b48-4b27-4627-bcff-ec6811b29a8c/element/00000000-0000-001d-0000-002900000003/displayed'
20:41:58.371 [AsyncHttpClient-1-2] DEBUG org.asynchttpclient.netty.handler.HttpHandler - 

Request DefaultFullHttpRequest(decodeResult: success, version: HTTP/1.1, content: EmptyByteBufBE)
GET /wd/hub/session/84188b48-4b27-4627-bcff-ec6811b29a8c/element/00000000-0000-001d-0000-002900000003/displayed HTTP/1.1
User-Agent: appium/8.3.0 (selenium/4.8.1 (java windows))
Cache-Control: no-cache
Content-Type: application/json; charset=utf-8
host: 0.0.0.0:4723
accept: */*

Response DefaultHttpResponse(decodeResult: success, version: HTTP/1.1)
HTTP/1.1 200 OK
X-Powered-By: Express
Content-Type: application/json; charset=utf-8
Content-Length: 14
ETag: W/"e-2ZHvAWebNQpyjGZTg6uyV8/spTo"
Date: Wed, 10 May 2023 13:41:58 GMT
Connection: keep-alive
Keep-Alive: timeout=600

20:41:58.372 [AsyncHttpClient-1-2] DEBUG org.asynchttpclient.netty.channel.ChannelManager - Adding key: http://0.0.0.0:4723 for channel [id: 0x07de3fa5, L:/127.0.0.1:64644 - R:/127.0.0.1:4723]
20:41:58.373 [Forwarding isElementDisplayed on session 84188b48-4b27-4627-bcff-ec6811b29a8c to remote] DEBUG org.asynchttpclient.netty.request.NettyRequestSender - Using pooled Channel '[id: 0x07de3fa5, L:/127.0.0.1:64644 - R:/127.0.0.1:4723]' for 'GET' to 'http://0.0.0.0:4723/wd/hub/session/84188b48-4b27-4627-bcff-ec6811b29a8c/element/00000000-0000-001d-0000-002900000003/displayed'
20:41:58.373 [Forwarding isElementDisplayed on session 84188b48-4b27-4627-bcff-ec6811b29a8c to remote] DEBUG org.asynchttpclient.netty.request.NettyRequestSender - Using open Channel [id: 0x07de3fa5, L:/127.0.0.1:64644 - R:/127.0.0.1:4723] for GET '/wd/hub/session/84188b48-4b27-4627-bcff-ec6811b29a8c/element/00000000-0000-001d-0000-002900000003/displayed'
20:41:58.396 [AsyncHttpClient-1-2] DEBUG org.asynchttpclient.netty.handler.HttpHandler - 

Request DefaultFullHttpRequest(decodeResult: success, version: HTTP/1.1, content: EmptyByteBufBE)
GET /wd/hub/session/84188b48-4b27-4627-bcff-ec6811b29a8c/element/00000000-0000-001d-0000-002900000003/displayed HTTP/1.1
User-Agent: appium/8.3.0 (selenium/4.8.1 (java windows))
Cache-Control: no-cache
Content-Type: application/json; charset=utf-8
host: 0.0.0.0:4723
accept: */*

Response DefaultHttpResponse(decodeResult: success, version: HTTP/1.1)
HTTP/1.1 200 OK
X-Powered-By: Express
Content-Type: application/json; charset=utf-8
Content-Length: 14
ETag: W/"e-2ZHvAWebNQpyjGZTg6uyV8/spTo"
Date: Wed, 10 May 2023 13:41:58 GMT
Connection: keep-alive
Keep-Alive: timeout=600

20:41:58.397 [AsyncHttpClient-1-2] DEBUG org.asynchttpclient.netty.channel.ChannelManager - Adding key: http://0.0.0.0:4723 for channel [id: 0x07de3fa5, L:/127.0.0.1:64644 - R:/127.0.0.1:4723]
20:41:58.398 [main] DEBUG net.thucydides.core.steps.StepInterceptor - STEP DONE: user click email field
]]></system-out>
  </testcase>
  <testcase name="user click email field" classname="As a user i can login with valid credential" time="0.282">
    <system-out><![CDATA[20:41:58.406 [main] DEBUG net.thucydides.core.steps.StepInterceptor - STARTING STEP: UserSteps.userClickEmailField - user input valid email
20:41:58.408 [Forwarding findElement on session 84188b48-4b27-4627-bcff-ec6811b29a8c to remote] DEBUG org.asynchttpclient.netty.request.NettyRequestSender - Using pooled Channel '[id: 0x07de3fa5, L:/127.0.0.1:64644 - R:/127.0.0.1:4723]' for 'POST' to 'http://0.0.0.0:4723/wd/hub/session/84188b48-4b27-4627-bcff-ec6811b29a8c/element'
20:41:58.408 [Forwarding findElement on session 84188b48-4b27-4627-bcff-ec6811b29a8c to remote] DEBUG org.asynchttpclient.netty.request.NettyRequestSender - Using open Channel [id: 0x07de3fa5, L:/127.0.0.1:64644 - R:/127.0.0.1:4723] for POST '/wd/hub/session/84188b48-4b27-4627-bcff-ec6811b29a8c/element'
20:41:58.506 [AsyncHttpClient-1-2] DEBUG org.asynchttpclient.netty.handler.HttpHandler - 

Request DefaultHttpRequest(decodeResult: success, version: HTTP/1.1)
POST /wd/hub/session/84188b48-4b27-4627-bcff-ec6811b29a8c/element HTTP/1.1
User-Agent: appium/8.3.0 (selenium/4.8.1 (java windows))
Content-Length: 305
Content-Type: application/json; charset=utf-8
host: 0.0.0.0:4723
accept: */*

Response DefaultHttpResponse(decodeResult: success, version: HTTP/1.1)
HTTP/1.1 200 OK
X-Powered-By: Express
Vary: X-HTTP-Method-Override
Content-Type: application/json; charset=utf-8
Content-Length: 137
ETag: W/"89-sLqubjPuXqODYr0Vx12X5jqt+uc"
Date: Wed, 10 May 2023 13:41:58 GMT
Connection: keep-alive
Keep-Alive: timeout=600

20:41:58.506 [AsyncHttpClient-1-2] DEBUG org.asynchttpclient.netty.channel.ChannelManager - Adding key: http://0.0.0.0:4723 for channel [id: 0x07de3fa5, L:/127.0.0.1:64644 - R:/127.0.0.1:4723]
20:41:58.509 [Forwarding isElementDisplayed on session 84188b48-4b27-4627-bcff-ec6811b29a8c to remote] DEBUG org.asynchttpclient.netty.request.NettyRequestSender - Using pooled Channel '[id: 0x07de3fa5, L:/127.0.0.1:64644 - R:/127.0.0.1:4723]' for 'GET' to 'http://0.0.0.0:4723/wd/hub/session/84188b48-4b27-4627-bcff-ec6811b29a8c/element/00000000-0000-001d-0000-002700000003/displayed'
20:41:58.509 [Forwarding isElementDisplayed on session 84188b48-4b27-4627-bcff-ec6811b29a8c to remote] DEBUG org.asynchttpclient.netty.request.NettyRequestSender - Using open Channel [id: 0x07de3fa5, L:/127.0.0.1:64644 - R:/127.0.0.1:4723] for GET '/wd/hub/session/84188b48-4b27-4627-bcff-ec6811b29a8c/element/00000000-0000-001d-0000-002700000003/displayed'
20:41:58.556 [AsyncHttpClient-1-2] DEBUG org.asynchttpclient.netty.handler.HttpHandler - 

Request DefaultFullHttpRequest(decodeResult: success, version: HTTP/1.1, content: EmptyByteBufBE)
GET /wd/hub/session/84188b48-4b27-4627-bcff-ec6811b29a8c/element/00000000-0000-001d-0000-002700000003/displayed HTTP/1.1
User-Agent: appium/8.3.0 (selenium/4.8.1 (java windows))
Cache-Control: no-cache
Content-Type: application/json; charset=utf-8
host: 0.0.0.0:4723
accept: */*

Response DefaultHttpResponse(decodeResult: success, version: HTTP/1.1)
HTTP/1.1 200 OK
X-Powered-By: Express
Content-Type: application/json; charset=utf-8
Content-Length: 14
ETag: W/"e-2ZHvAWebNQpyjGZTg6uyV8/spTo"
Date: Wed, 10 May 2023 13:41:58 GMT
Connection: keep-alive
Keep-Alive: timeout=600

20:41:58.557 [AsyncHttpClient-1-2] DEBUG org.asynchttpclient.netty.channel.ChannelManager - Adding key: http://0.0.0.0:4723 for channel [id: 0x07de3fa5, L:/127.0.0.1:64644 - R:/127.0.0.1:4723]
20:41:58.558 [Forwarding isElementEnabled on session 84188b48-4b27-4627-bcff-ec6811b29a8c to remote] DEBUG org.asynchttpclient.netty.request.NettyRequestSender - Using pooled Channel '[id: 0x07de3fa5, L:/127.0.0.1:64644 - R:/127.0.0.1:4723]' for 'GET' to 'http://0.0.0.0:4723/wd/hub/session/84188b48-4b27-4627-bcff-ec6811b29a8c/element/00000000-0000-001d-0000-002700000003/enabled'
20:41:58.559 [Forwarding isElementEnabled on session 84188b48-4b27-4627-bcff-ec6811b29a8c to remote] DEBUG org.asynchttpclient.netty.request.NettyRequestSender - Using open Channel [id: 0x07de3fa5, L:/127.0.0.1:64644 - R:/127.0.0.1:4723] for GET '/wd/hub/session/84188b48-4b27-4627-bcff-ec6811b29a8c/element/00000000-0000-001d-0000-002700000003/enabled'
20:41:58.580 [AsyncHttpClient-1-2] DEBUG org.asynchttpclient.netty.handler.HttpHandler - 

Request DefaultFullHttpRequest(decodeResult: success, version: HTTP/1.1, content: EmptyByteBufBE)
GET /wd/hub/session/84188b48-4b27-4627-bcff-ec6811b29a8c/element/00000000-0000-001d-0000-002700000003/enabled HTTP/1.1
User-Agent: appium/8.3.0 (selenium/4.8.1 (java windows))
Cache-Control: no-cache
Content-Type: application/json; charset=utf-8
host: 0.0.0.0:4723
accept: */*

Response DefaultHttpResponse(decodeResult: success, version: HTTP/1.1)
HTTP/1.1 200 OK
X-Powered-By: Express
Content-Type: application/json; charset=utf-8
Content-Length: 14
ETag: W/"e-2ZHvAWebNQpyjGZTg6uyV8/spTo"
Date: Wed, 10 May 2023 13:41:58 GMT
Connection: keep-alive
Keep-Alive: timeout=600

20:41:58.581 [AsyncHttpClient-1-2] DEBUG org.asynchttpclient.netty.channel.ChannelManager - Adding key: http://0.0.0.0:4723 for channel [id: 0x07de3fa5, L:/127.0.0.1:64644 - R:/127.0.0.1:4723]
20:41:58.585 [Forwarding clickElement on session 84188b48-4b27-4627-bcff-ec6811b29a8c to remote] DEBUG org.asynchttpclient.netty.request.NettyRequestSender - Using pooled Channel '[id: 0x07de3fa5, L:/127.0.0.1:64644 - R:/127.0.0.1:4723]' for 'POST' to 'http://0.0.0.0:4723/wd/hub/session/84188b48-4b27-4627-bcff-ec6811b29a8c/element/00000000-0000-001d-0000-002700000003/click'
20:41:58.585 [Forwarding clickElement on session 84188b48-4b27-4627-bcff-ec6811b29a8c to remote] DEBUG org.asynchttpclient.netty.request.NettyRequestSender - Using open Channel [id: 0x07de3fa5, L:/127.0.0.1:64644 - R:/127.0.0.1:4723] for POST '/wd/hub/session/84188b48-4b27-4627-bcff-ec6811b29a8c/element/00000000-0000-001d-0000-002700000003/click'
20:41:58.680 [AsyncHttpClient-1-2] DEBUG org.asynchttpclient.netty.handler.HttpHandler - 

Request DefaultHttpRequest(decodeResult: success, version: HTTP/1.1)
POST /wd/hub/session/84188b48-4b27-4627-bcff-ec6811b29a8c/element/00000000-0000-001d-0000-002700000003/click HTTP/1.1
User-Agent: appium/8.3.0 (selenium/4.8.1 (java windows))
Content-Length: 50
Content-Type: application/json; charset=utf-8
host: 0.0.0.0:4723
accept: */*

Response DefaultHttpResponse(decodeResult: success, version: HTTP/1.1)
HTTP/1.1 200 OK
X-Powered-By: Express
Vary: X-HTTP-Method-Override
Content-Type: application/json; charset=utf-8
Content-Length: 14
ETag: W/"e-9/1BuKMgFObM1mWJm+YjxtXJnUM"
Date: Wed, 10 May 2023 13:41:58 GMT
Connection: keep-alive
Keep-Alive: timeout=600

20:41:58.681 [AsyncHttpClient-1-2] DEBUG org.asynchttpclient.netty.channel.ChannelManager - Adding key: http://0.0.0.0:4723 for channel [id: 0x07de3fa5, L:/127.0.0.1:64644 - R:/127.0.0.1:4723]
20:41:58.683 [main] DEBUG net.thucydides.core.steps.StepInterceptor - STEP DONE: user input valid email
]]></system-out>
  </testcase>
  <testcase name="user input valid email" classname="As a user i can login with valid credential" time="1.567">
    <system-out><![CDATA[20:41:58.694 [main] DEBUG net.thucydides.core.steps.StepInterceptor - STARTING STEP: UserSteps.userInputEmailForLogin - user input valid email
20:41:58.697 [Forwarding findElement on session 84188b48-4b27-4627-bcff-ec6811b29a8c to remote] DEBUG org.asynchttpclient.netty.request.NettyRequestSender - Using pooled Channel '[id: 0x07de3fa5, L:/127.0.0.1:64644 - R:/127.0.0.1:4723]' for 'POST' to 'http://0.0.0.0:4723/wd/hub/session/84188b48-4b27-4627-bcff-ec6811b29a8c/element'
20:41:58.697 [Forwarding findElement on session 84188b48-4b27-4627-bcff-ec6811b29a8c to remote] DEBUG org.asynchttpclient.netty.request.NettyRequestSender - Using open Channel [id: 0x07de3fa5, L:/127.0.0.1:64644 - R:/127.0.0.1:4723] for POST '/wd/hub/session/84188b48-4b27-4627-bcff-ec6811b29a8c/element'
20:41:58.925 [AsyncHttpClient-1-2] DEBUG org.asynchttpclient.netty.handler.HttpHandler - 

Request DefaultHttpRequest(decodeResult: success, version: HTTP/1.1)
POST /wd/hub/session/84188b48-4b27-4627-bcff-ec6811b29a8c/element HTTP/1.1
User-Agent: appium/8.3.0 (selenium/4.8.1 (java windows))
Content-Length: 305
Content-Type: application/json; charset=utf-8
host: 0.0.0.0:4723
accept: */*

Response DefaultHttpResponse(decodeResult: success, version: HTTP/1.1)
HTTP/1.1 200 OK
X-Powered-By: Express
Vary: X-HTTP-Method-Override
Content-Type: application/json; charset=utf-8
Content-Length: 137
ETag: W/"89-sLqubjPuXqODYr0Vx12X5jqt+uc"
Date: Wed, 10 May 2023 13:41:58 GMT
Connection: keep-alive
Keep-Alive: timeout=600

20:41:58.925 [AsyncHttpClient-1-2] DEBUG org.asynchttpclient.netty.channel.ChannelManager - Adding key: http://0.0.0.0:4723 for channel [id: 0x07de3fa5, L:/127.0.0.1:64644 - R:/127.0.0.1:4723]
20:41:58.931 [Forwarding sendKeysToElement on session 84188b48-4b27-4627-bcff-ec6811b29a8c to remote] DEBUG org.asynchttpclient.netty.request.NettyRequestSender - Using pooled Channel '[id: 0x07de3fa5, L:/127.0.0.1:64644 - R:/127.0.0.1:4723]' for 'POST' to 'http://0.0.0.0:4723/wd/hub/session/84188b48-4b27-4627-bcff-ec6811b29a8c/element/00000000-0000-001d-0000-002700000003/value'
20:41:58.931 [Forwarding sendKeysToElement on session 84188b48-4b27-4627-bcff-ec6811b29a8c to remote] DEBUG org.asynchttpclient.netty.request.NettyRequestSender - Using open Channel [id: 0x07de3fa5, L:/127.0.0.1:64644 - R:/127.0.0.1:4723] for POST '/wd/hub/session/84188b48-4b27-4627-bcff-ec6811b29a8c/element/00000000-0000-001d-0000-002700000003/value'
20:42:00.252 [AsyncHttpClient-1-2] DEBUG org.asynchttpclient.netty.handler.HttpHandler - 

Request DefaultHttpRequest(decodeResult: success, version: HTTP/1.1)
POST /wd/hub/session/84188b48-4b27-4627-bcff-ec6811b29a8c/element/00000000-0000-001d-0000-002700000003/value HTTP/1.1
User-Agent: appium/8.3.0 (selenium/4.8.1 (java windows))
Content-Length: 291
Content-Type: application/json; charset=utf-8
host: 0.0.0.0:4723
accept: */*

Response DefaultHttpResponse(decodeResult: success, version: HTTP/1.1)
HTTP/1.1 200 OK
X-Powered-By: Express
Vary: X-HTTP-Method-Override
Content-Type: application/json; charset=utf-8
Content-Length: 14
ETag: W/"e-9/1BuKMgFObM1mWJm+YjxtXJnUM"
Date: Wed, 10 May 2023 13:42:00 GMT
Connection: keep-alive
Keep-Alive: timeout=600

20:42:00.253 [AsyncHttpClient-1-2] DEBUG org.asynchttpclient.netty.channel.ChannelManager - Adding key: http://0.0.0.0:4723 for channel [id: 0x07de3fa5, L:/127.0.0.1:64644 - R:/127.0.0.1:4723]
20:42:00.255 [main] DEBUG net.thucydides.core.steps.StepInterceptor - STEP DONE: user input valid email
]]></system-out>
  </testcase>
  <testcase name="user click password field" classname="As a user i can login with valid credential" time="1.321">
    <system-out><![CDATA[20:42:00.265 [main] DEBUG net.thucydides.core.steps.StepInterceptor - STARTING STEP: UserSteps.userClickPasswordField - user click password field
20:42:00.267 [Forwarding findElement on session 84188b48-4b27-4627-bcff-ec6811b29a8c to remote] DEBUG org.asynchttpclient.netty.request.NettyRequestSender - Using pooled Channel '[id: 0x07de3fa5, L:/127.0.0.1:64644 - R:/127.0.0.1:4723]' for 'POST' to 'http://0.0.0.0:4723/wd/hub/session/84188b48-4b27-4627-bcff-ec6811b29a8c/element'
20:42:00.267 [Forwarding findElement on session 84188b48-4b27-4627-bcff-ec6811b29a8c to remote] DEBUG org.asynchttpclient.netty.request.NettyRequestSender - Using open Channel [id: 0x07de3fa5, L:/127.0.0.1:64644 - R:/127.0.0.1:4723] for POST '/wd/hub/session/84188b48-4b27-4627-bcff-ec6811b29a8c/element'
20:42:00.594 [AsyncHttpClient-1-2] DEBUG org.asynchttpclient.netty.handler.HttpHandler - 

Request DefaultHttpRequest(decodeResult: success, version: HTTP/1.1)
POST /wd/hub/session/84188b48-4b27-4627-bcff-ec6811b29a8c/element HTTP/1.1
User-Agent: appium/8.3.0 (selenium/4.8.1 (java windows))
Content-Length: 305
Content-Type: application/json; charset=utf-8
host: 0.0.0.0:4723
accept: */*

Response DefaultHttpResponse(decodeResult: success, version: HTTP/1.1)
HTTP/1.1 200 OK
X-Powered-By: Express
Vary: X-HTTP-Method-Override
Content-Type: application/json; charset=utf-8
Content-Length: 137
ETag: W/"89-JoMg83h7h6Cu/ijJkyp8HstWkyg"
Date: Wed, 10 May 2023 13:42:00 GMT
Connection: keep-alive
Keep-Alive: timeout=600

20:42:00.594 [AsyncHttpClient-1-2] DEBUG org.asynchttpclient.netty.channel.ChannelManager - Adding key: http://0.0.0.0:4723 for channel [id: 0x07de3fa5, L:/127.0.0.1:64644 - R:/127.0.0.1:4723]
20:42:00.597 [Forwarding isElementDisplayed on session 84188b48-4b27-4627-bcff-ec6811b29a8c to remote] DEBUG org.asynchttpclient.netty.request.NettyRequestSender - Using pooled Channel '[id: 0x07de3fa5, L:/127.0.0.1:64644 - R:/127.0.0.1:4723]' for 'GET' to 'http://0.0.0.0:4723/wd/hub/session/84188b48-4b27-4627-bcff-ec6811b29a8c/element/00000000-0000-001d-0000-002800000003/displayed'
20:42:00.597 [Forwarding isElementDisplayed on session 84188b48-4b27-4627-bcff-ec6811b29a8c to remote] DEBUG org.asynchttpclient.netty.request.NettyRequestSender - Using open Channel [id: 0x07de3fa5, L:/127.0.0.1:64644 - R:/127.0.0.1:4723] for GET '/wd/hub/session/84188b48-4b27-4627-bcff-ec6811b29a8c/element/00000000-0000-001d-0000-002800000003/displayed'
20:42:01.450 [AsyncHttpClient-1-2] DEBUG org.asynchttpclient.netty.handler.HttpHandler - 

Request DefaultFullHttpRequest(decodeResult: success, version: HTTP/1.1, content: EmptyByteBufBE)
GET /wd/hub/session/84188b48-4b27-4627-bcff-ec6811b29a8c/element/00000000-0000-001d-0000-002800000003/displayed HTTP/1.1
User-Agent: appium/8.3.0 (selenium/4.8.1 (java windows))
Cache-Control: no-cache
Content-Type: application/json; charset=utf-8
host: 0.0.0.0:4723
accept: */*

Response DefaultHttpResponse(decodeResult: success, version: HTTP/1.1)
HTTP/1.1 200 OK
X-Powered-By: Express
Content-Type: application/json; charset=utf-8
Content-Length: 14
ETag: W/"e-2ZHvAWebNQpyjGZTg6uyV8/spTo"
Date: Wed, 10 May 2023 13:42:01 GMT
Connection: keep-alive
Keep-Alive: timeout=600

20:42:01.451 [AsyncHttpClient-1-2] DEBUG org.asynchttpclient.netty.channel.ChannelManager - Adding key: http://0.0.0.0:4723 for channel [id: 0x07de3fa5, L:/127.0.0.1:64644 - R:/127.0.0.1:4723]
20:42:01.454 [Forwarding isElementEnabled on session 84188b48-4b27-4627-bcff-ec6811b29a8c to remote] DEBUG org.asynchttpclient.netty.request.NettyRequestSender - Using pooled Channel '[id: 0x07de3fa5, L:/127.0.0.1:64644 - R:/127.0.0.1:4723]' for 'GET' to 'http://0.0.0.0:4723/wd/hub/session/84188b48-4b27-4627-bcff-ec6811b29a8c/element/00000000-0000-001d-0000-002800000003/enabled'
20:42:01.455 [Forwarding isElementEnabled on session 84188b48-4b27-4627-bcff-ec6811b29a8c to remote] DEBUG org.asynchttpclient.netty.request.NettyRequestSender - Using open Channel [id: 0x07de3fa5, L:/127.0.0.1:64644 - R:/127.0.0.1:4723] for GET '/wd/hub/session/84188b48-4b27-4627-bcff-ec6811b29a8c/element/00000000-0000-001d-0000-002800000003/enabled'
20:42:01.496 [AsyncHttpClient-1-2] DEBUG org.asynchttpclient.netty.handler.HttpHandler - 

Request DefaultFullHttpRequest(decodeResult: success, version: HTTP/1.1, content: EmptyByteBufBE)
GET /wd/hub/session/84188b48-4b27-4627-bcff-ec6811b29a8c/element/00000000-0000-001d-0000-002800000003/enabled HTTP/1.1
User-Agent: appium/8.3.0 (selenium/4.8.1 (java windows))
Cache-Control: no-cache
Content-Type: application/json; charset=utf-8
host: 0.0.0.0:4723
accept: */*

Response DefaultHttpResponse(decodeResult: success, version: HTTP/1.1)
HTTP/1.1 200 OK
X-Powered-By: Express
Content-Type: application/json; charset=utf-8
Content-Length: 14
ETag: W/"e-2ZHvAWebNQpyjGZTg6uyV8/spTo"
Date: Wed, 10 May 2023 13:42:01 GMT
Connection: keep-alive
Keep-Alive: timeout=600

20:42:01.497 [AsyncHttpClient-1-2] DEBUG org.asynchttpclient.netty.channel.ChannelManager - Adding key: http://0.0.0.0:4723 for channel [id: 0x07de3fa5, L:/127.0.0.1:64644 - R:/127.0.0.1:4723]
20:42:01.499 [Forwarding clickElement on session 84188b48-4b27-4627-bcff-ec6811b29a8c to remote] DEBUG org.asynchttpclient.netty.request.NettyRequestSender - Using pooled Channel '[id: 0x07de3fa5, L:/127.0.0.1:64644 - R:/127.0.0.1:4723]' for 'POST' to 'http://0.0.0.0:4723/wd/hub/session/84188b48-4b27-4627-bcff-ec6811b29a8c/element/00000000-0000-001d-0000-002800000003/click'
20:42:01.499 [Forwarding clickElement on session 84188b48-4b27-4627-bcff-ec6811b29a8c to remote] DEBUG org.asynchttpclient.netty.request.NettyRequestSender - Using open Channel [id: 0x07de3fa5, L:/127.0.0.1:64644 - R:/127.0.0.1:4723] for POST '/wd/hub/session/84188b48-4b27-4627-bcff-ec6811b29a8c/element/00000000-0000-001d-0000-002800000003/click'
20:42:01.578 [AsyncHttpClient-1-2] DEBUG org.asynchttpclient.netty.handler.HttpHandler - 

Request DefaultHttpRequest(decodeResult: success, version: HTTP/1.1)
POST /wd/hub/session/84188b48-4b27-4627-bcff-ec6811b29a8c/element/00000000-0000-001d-0000-002800000003/click HTTP/1.1
User-Agent: appium/8.3.0 (selenium/4.8.1 (java windows))
Content-Length: 50
Content-Type: application/json; charset=utf-8
host: 0.0.0.0:4723
accept: */*

Response DefaultHttpResponse(decodeResult: success, version: HTTP/1.1)
HTTP/1.1 200 OK
X-Powered-By: Express
Vary: X-HTTP-Method-Override
Content-Type: application/json; charset=utf-8
Content-Length: 14
ETag: W/"e-9/1BuKMgFObM1mWJm+YjxtXJnUM"
Date: Wed, 10 May 2023 13:42:01 GMT
Connection: keep-alive
Keep-Alive: timeout=600

20:42:01.579 [AsyncHttpClient-1-2] DEBUG org.asynchttpclient.netty.channel.ChannelManager - Adding key: http://0.0.0.0:4723 for channel [id: 0x07de3fa5, L:/127.0.0.1:64644 - R:/127.0.0.1:4723]
20:42:01.581 [main] DEBUG net.thucydides.core.steps.StepInterceptor - STEP DONE: user click password field
]]></system-out>
  </testcase>
  <testcase name="user input invalid password" classname="As a user i can login with valid credential" time="0.817">
    <system-out><![CDATA[20:42:01.596 [main] DEBUG net.thucydides.core.steps.StepInterceptor - STARTING STEP: UserSteps.userInputPasswordForLogin - user input valid password
20:42:01.598 [Forwarding findElement on session 84188b48-4b27-4627-bcff-ec6811b29a8c to remote] DEBUG org.asynchttpclient.netty.request.NettyRequestSender - Using pooled Channel '[id: 0x07de3fa5, L:/127.0.0.1:64644 - R:/127.0.0.1:4723]' for 'POST' to 'http://0.0.0.0:4723/wd/hub/session/84188b48-4b27-4627-bcff-ec6811b29a8c/element'
20:42:01.598 [Forwarding findElement on session 84188b48-4b27-4627-bcff-ec6811b29a8c to remote] DEBUG org.asynchttpclient.netty.request.NettyRequestSender - Using open Channel [id: 0x07de3fa5, L:/127.0.0.1:64644 - R:/127.0.0.1:4723] for POST '/wd/hub/session/84188b48-4b27-4627-bcff-ec6811b29a8c/element'
20:42:01.794 [AsyncHttpClient-1-2] DEBUG org.asynchttpclient.netty.handler.HttpHandler - 

Request DefaultHttpRequest(decodeResult: success, version: HTTP/1.1)
POST /wd/hub/session/84188b48-4b27-4627-bcff-ec6811b29a8c/element HTTP/1.1
User-Agent: appium/8.3.0 (selenium/4.8.1 (java windows))
Content-Length: 305
Content-Type: application/json; charset=utf-8
host: 0.0.0.0:4723
accept: */*

Response DefaultHttpResponse(decodeResult: success, version: HTTP/1.1)
HTTP/1.1 200 OK
X-Powered-By: Express
Vary: X-HTTP-Method-Override
Content-Type: application/json; charset=utf-8
Content-Length: 137
ETag: W/"89-JoMg83h7h6Cu/ijJkyp8HstWkyg"
Date: Wed, 10 May 2023 13:42:01 GMT
Connection: keep-alive
Keep-Alive: timeout=600

20:42:01.795 [AsyncHttpClient-1-2] DEBUG org.asynchttpclient.netty.channel.ChannelManager - Adding key: http://0.0.0.0:4723 for channel [id: 0x07de3fa5, L:/127.0.0.1:64644 - R:/127.0.0.1:4723]
20:42:01.798 [Forwarding sendKeysToElement on session 84188b48-4b27-4627-bcff-ec6811b29a8c to remote] DEBUG org.asynchttpclient.netty.request.NettyRequestSender - Using pooled Channel '[id: 0x07de3fa5, L:/127.0.0.1:64644 - R:/127.0.0.1:4723]' for 'POST' to 'http://0.0.0.0:4723/wd/hub/session/84188b48-4b27-4627-bcff-ec6811b29a8c/element/00000000-0000-001d-0000-002800000003/value'
20:42:01.798 [Forwarding sendKeysToElement on session 84188b48-4b27-4627-bcff-ec6811b29a8c to remote] DEBUG org.asynchttpclient.netty.request.NettyRequestSender - Using open Channel [id: 0x07de3fa5, L:/127.0.0.1:64644 - R:/127.0.0.1:4723] for POST '/wd/hub/session/84188b48-4b27-4627-bcff-ec6811b29a8c/element/00000000-0000-001d-0000-002800000003/value'
20:42:02.404 [AsyncHttpClient-1-2] DEBUG org.asynchttpclient.netty.handler.HttpHandler - 

Request DefaultHttpRequest(decodeResult: success, version: HTTP/1.1)
POST /wd/hub/session/84188b48-4b27-4627-bcff-ec6811b29a8c/element/00000000-0000-001d-0000-002800000003/value HTTP/1.1
User-Agent: appium/8.3.0 (selenium/4.8.1 (java windows))
Content-Length: 231
Content-Type: application/json; charset=utf-8
host: 0.0.0.0:4723
accept: */*

Response DefaultHttpResponse(decodeResult: success, version: HTTP/1.1)
HTTP/1.1 200 OK
X-Powered-By: Express
Vary: X-HTTP-Method-Override
Content-Type: application/json; charset=utf-8
Content-Length: 14
ETag: W/"e-9/1BuKMgFObM1mWJm+YjxtXJnUM"
Date: Wed, 10 May 2023 13:42:02 GMT
Connection: keep-alive
Keep-Alive: timeout=600

20:42:02.405 [AsyncHttpClient-1-2] DEBUG org.asynchttpclient.netty.channel.ChannelManager - Adding key: http://0.0.0.0:4723 for channel [id: 0x07de3fa5, L:/127.0.0.1:64644 - R:/127.0.0.1:4723]
20:42:02.406 [main] DEBUG net.thucydides.core.steps.StepInterceptor - STEP DONE: user input valid password
]]></system-out>
  </testcase>
  <testcase name="user click login button" classname="As a user i can login with valid credential" time="1.14">
    <system-out><![CDATA[20:42:02.415 [main] DEBUG net.thucydides.core.steps.StepInterceptor - STARTING STEP: UserSteps.userClickBtnLogin - user click login button
20:42:02.417 [Forwarding findElement on session 84188b48-4b27-4627-bcff-ec6811b29a8c to remote] DEBUG org.asynchttpclient.netty.request.NettyRequestSender - Using pooled Channel '[id: 0x07de3fa5, L:/127.0.0.1:64644 - R:/127.0.0.1:4723]' for 'POST' to 'http://0.0.0.0:4723/wd/hub/session/84188b48-4b27-4627-bcff-ec6811b29a8c/element'
20:42:02.417 [Forwarding findElement on session 84188b48-4b27-4627-bcff-ec6811b29a8c to remote] DEBUG org.asynchttpclient.netty.request.NettyRequestSender - Using open Channel [id: 0x07de3fa5, L:/127.0.0.1:64644 - R:/127.0.0.1:4723] for POST '/wd/hub/session/84188b48-4b27-4627-bcff-ec6811b29a8c/element'
20:42:02.511 [AsyncHttpClient-1-2] DEBUG org.asynchttpclient.netty.handler.HttpHandler - 

Request DefaultHttpRequest(decodeResult: success, version: HTTP/1.1)
POST /wd/hub/session/84188b48-4b27-4627-bcff-ec6811b29a8c/element HTTP/1.1
User-Agent: appium/8.3.0 (selenium/4.8.1 (java windows))
Content-Length: 95
Content-Type: application/json; charset=utf-8
host: 0.0.0.0:4723
accept: */*

Response DefaultHttpResponse(decodeResult: success, version: HTTP/1.1)
HTTP/1.1 200 OK
X-Powered-By: Express
Vary: X-HTTP-Method-Override
Content-Type: application/json; charset=utf-8
Content-Length: 137
ETag: W/"89-hklqSpAyPW6VZDee70UBgC6y46E"
Date: Wed, 10 May 2023 13:42:02 GMT
Connection: keep-alive
Keep-Alive: timeout=600

20:42:02.512 [AsyncHttpClient-1-2] DEBUG org.asynchttpclient.netty.channel.ChannelManager - Adding key: http://0.0.0.0:4723 for channel [id: 0x07de3fa5, L:/127.0.0.1:64644 - R:/127.0.0.1:4723]
20:42:02.516 [Forwarding isElementDisplayed on session 84188b48-4b27-4627-bcff-ec6811b29a8c to remote] DEBUG org.asynchttpclient.netty.request.NettyRequestSender - Using pooled Channel '[id: 0x07de3fa5, L:/127.0.0.1:64644 - R:/127.0.0.1:4723]' for 'GET' to 'http://0.0.0.0:4723/wd/hub/session/84188b48-4b27-4627-bcff-ec6811b29a8c/element/00000000-0000-001d-0000-002900000003/displayed'
20:42:02.517 [Forwarding isElementDisplayed on session 84188b48-4b27-4627-bcff-ec6811b29a8c to remote] DEBUG org.asynchttpclient.netty.request.NettyRequestSender - Using open Channel [id: 0x07de3fa5, L:/127.0.0.1:64644 - R:/127.0.0.1:4723] for GET '/wd/hub/session/84188b48-4b27-4627-bcff-ec6811b29a8c/element/00000000-0000-001d-0000-002900000003/displayed'
20:42:02.965 [AsyncHttpClient-1-2] DEBUG org.asynchttpclient.netty.handler.HttpHandler - 

Request DefaultFullHttpRequest(decodeResult: success, version: HTTP/1.1, content: EmptyByteBufBE)
GET /wd/hub/session/84188b48-4b27-4627-bcff-ec6811b29a8c/element/00000000-0000-001d-0000-002900000003/displayed HTTP/1.1
User-Agent: appium/8.3.0 (selenium/4.8.1 (java windows))
Cache-Control: no-cache
Content-Type: application/json; charset=utf-8
host: 0.0.0.0:4723
accept: */*

Response DefaultHttpResponse(decodeResult: success, version: HTTP/1.1)
HTTP/1.1 200 OK
X-Powered-By: Express
Content-Type: application/json; charset=utf-8
Content-Length: 14
ETag: W/"e-2ZHvAWebNQpyjGZTg6uyV8/spTo"
Date: Wed, 10 May 2023 13:42:02 GMT
Connection: keep-alive
Keep-Alive: timeout=600

20:42:02.965 [AsyncHttpClient-1-2] DEBUG org.asynchttpclient.netty.channel.ChannelManager - Adding key: http://0.0.0.0:4723 for channel [id: 0x07de3fa5, L:/127.0.0.1:64644 - R:/127.0.0.1:4723]
20:42:02.968 [Forwarding isElementEnabled on session 84188b48-4b27-4627-bcff-ec6811b29a8c to remote] DEBUG org.asynchttpclient.netty.request.NettyRequestSender - Using pooled Channel '[id: 0x07de3fa5, L:/127.0.0.1:64644 - R:/127.0.0.1:4723]' for 'GET' to 'http://0.0.0.0:4723/wd/hub/session/84188b48-4b27-4627-bcff-ec6811b29a8c/element/00000000-0000-001d-0000-002900000003/enabled'
20:42:02.968 [Forwarding isElementEnabled on session 84188b48-4b27-4627-bcff-ec6811b29a8c to remote] DEBUG org.asynchttpclient.netty.request.NettyRequestSender - Using open Channel [id: 0x07de3fa5, L:/127.0.0.1:64644 - R:/127.0.0.1:4723] for GET '/wd/hub/session/84188b48-4b27-4627-bcff-ec6811b29a8c/element/00000000-0000-001d-0000-002900000003/enabled'
20:42:03.478 [AsyncHttpClient-1-2] DEBUG org.asynchttpclient.netty.handler.HttpHandler - 

Request DefaultFullHttpRequest(decodeResult: success, version: HTTP/1.1, content: EmptyByteBufBE)
GET /wd/hub/session/84188b48-4b27-4627-bcff-ec6811b29a8c/element/00000000-0000-001d-0000-002900000003/enabled HTTP/1.1
User-Agent: appium/8.3.0 (selenium/4.8.1 (java windows))
Cache-Control: no-cache
Content-Type: application/json; charset=utf-8
host: 0.0.0.0:4723
accept: */*

Response DefaultHttpResponse(decodeResult: success, version: HTTP/1.1)
HTTP/1.1 200 OK
X-Powered-By: Express
Content-Type: application/json; charset=utf-8
Content-Length: 14
ETag: W/"e-2ZHvAWebNQpyjGZTg6uyV8/spTo"
Date: Wed, 10 May 2023 13:42:03 GMT
Connection: keep-alive
Keep-Alive: timeout=600

20:42:03.478 [AsyncHttpClient-1-2] DEBUG org.asynchttpclient.netty.channel.ChannelManager - Adding key: http://0.0.0.0:4723 for channel [id: 0x07de3fa5, L:/127.0.0.1:64644 - R:/127.0.0.1:4723]
20:42:03.480 [Forwarding clickElement on session 84188b48-4b27-4627-bcff-ec6811b29a8c to remote] DEBUG org.asynchttpclient.netty.request.NettyRequestSender - Using pooled Channel '[id: 0x07de3fa5, L:/127.0.0.1:64644 - R:/127.0.0.1:4723]' for 'POST' to 'http://0.0.0.0:4723/wd/hub/session/84188b48-4b27-4627-bcff-ec6811b29a8c/element/00000000-0000-001d-0000-002900000003/click'
20:42:03.480 [Forwarding clickElement on session 84188b48-4b27-4627-bcff-ec6811b29a8c to remote] DEBUG org.asynchttpclient.netty.request.NettyRequestSender - Using open Channel [id: 0x07de3fa5, L:/127.0.0.1:64644 - R:/127.0.0.1:4723] for POST '/wd/hub/session/84188b48-4b27-4627-bcff-ec6811b29a8c/element/00000000-0000-001d-0000-002900000003/click'
20:42:03.546 [AsyncHttpClient-1-2] DEBUG org.asynchttpclient.netty.handler.HttpHandler - 

Request DefaultHttpRequest(decodeResult: success, version: HTTP/1.1)
POST /wd/hub/session/84188b48-4b27-4627-bcff-ec6811b29a8c/element/00000000-0000-001d-0000-002900000003/click HTTP/1.1
User-Agent: appium/8.3.0 (selenium/4.8.1 (java windows))
Content-Length: 50
Content-Type: application/json; charset=utf-8
host: 0.0.0.0:4723
accept: */*

Response DefaultHttpResponse(decodeResult: success, version: HTTP/1.1)
HTTP/1.1 200 OK
X-Powered-By: Express
Vary: X-HTTP-Method-Override
Content-Type: application/json; charset=utf-8
Content-Length: 14
ETag: W/"e-9/1BuKMgFObM1mWJm+YjxtXJnUM"
Date: Wed, 10 May 2023 13:42:03 GMT
Connection: keep-alive
Keep-Alive: timeout=600

20:42:03.547 [AsyncHttpClient-1-2] DEBUG org.asynchttpclient.netty.channel.ChannelManager - Adding key: http://0.0.0.0:4723 for channel [id: 0x07de3fa5, L:/127.0.0.1:64644 - R:/127.0.0.1:4723]
20:42:03.548 [main] DEBUG net.thucydides.core.steps.StepInterceptor - STEP DONE: user click login button
]]></system-out>
  </testcase>
  <testcase name="user can see hompegae and list products" classname="As a user i can login with valid credential" time="1.144">
    <system-out><![CDATA[20:42:03.566 [main] DEBUG net.thucydides.core.steps.StepInterceptor - STARTING STEP: UserSteps.userSuccessLogin - onHomepage
20:42:03.568 [Forwarding findElement on session 84188b48-4b27-4627-bcff-ec6811b29a8c to remote] DEBUG org.asynchttpclient.netty.request.NettyRequestSender - Using pooled Channel '[id: 0x07de3fa5, L:/127.0.0.1:64644 - R:/127.0.0.1:4723]' for 'POST' to 'http://0.0.0.0:4723/wd/hub/session/84188b48-4b27-4627-bcff-ec6811b29a8c/element'
20:42:03.569 [Forwarding findElement on session 84188b48-4b27-4627-bcff-ec6811b29a8c to remote] DEBUG org.asynchttpclient.netty.request.NettyRequestSender - Using open Channel [id: 0x07de3fa5, L:/127.0.0.1:64644 - R:/127.0.0.1:4723] for POST '/wd/hub/session/84188b48-4b27-4627-bcff-ec6811b29a8c/element'
20:42:04.637 [AsyncHttpClient-1-2] DEBUG org.asynchttpclient.netty.handler.HttpHandler - 

Request DefaultHttpRequest(decodeResult: success, version: HTTP/1.1)
POST /wd/hub/session/84188b48-4b27-4627-bcff-ec6811b29a8c/element HTTP/1.1
User-Agent: appium/8.3.0 (selenium/4.8.1 (java windows))
Content-Length: 299
Content-Type: application/json; charset=utf-8
host: 0.0.0.0:4723
accept: */*

Response DefaultHttpResponse(decodeResult: success, version: HTTP/1.1)
HTTP/1.1 200 OK
X-Powered-By: Express
Vary: X-HTTP-Method-Override
Content-Type: application/json; charset=utf-8
Content-Length: 137
ETag: W/"89-hPDVfBh0MYfzB1Fz7lKKNJGC2B4"
Date: Wed, 10 May 2023 13:42:04 GMT
Connection: keep-alive
Keep-Alive: timeout=600

20:42:04.638 [AsyncHttpClient-1-2] DEBUG org.asynchttpclient.netty.channel.ChannelManager - Adding key: http://0.0.0.0:4723 for channel [id: 0x07de3fa5, L:/127.0.0.1:64644 - R:/127.0.0.1:4723]
20:42:04.639 [Forwarding isElementDisplayed on session 84188b48-4b27-4627-bcff-ec6811b29a8c to remote] DEBUG org.asynchttpclient.netty.request.NettyRequestSender - Using pooled Channel '[id: 0x07de3fa5, L:/127.0.0.1:64644 - R:/127.0.0.1:4723]' for 'GET' to 'http://0.0.0.0:4723/wd/hub/session/84188b48-4b27-4627-bcff-ec6811b29a8c/element/00000000-0000-001d-0000-000500000003/displayed'
20:42:04.639 [Forwarding isElementDisplayed on session 84188b48-4b27-4627-bcff-ec6811b29a8c to remote] DEBUG org.asynchttpclient.netty.request.NettyRequestSender - Using open Channel [id: 0x07de3fa5, L:/127.0.0.1:64644 - R:/127.0.0.1:4723] for GET '/wd/hub/session/84188b48-4b27-4627-bcff-ec6811b29a8c/element/00000000-0000-001d-0000-000500000003/displayed'
20:42:04.659 [AsyncHttpClient-1-2] DEBUG org.asynchttpclient.netty.handler.HttpHandler - 

Request DefaultFullHttpRequest(decodeResult: success, version: HTTP/1.1, content: EmptyByteBufBE)
GET /wd/hub/session/84188b48-4b27-4627-bcff-ec6811b29a8c/element/00000000-0000-001d-0000-000500000003/displayed HTTP/1.1
User-Agent: appium/8.3.0 (selenium/4.8.1 (java windows))
Cache-Control: no-cache
Content-Type: application/json; charset=utf-8
host: 0.0.0.0:4723
accept: */*

Response DefaultHttpResponse(decodeResult: success, version: HTTP/1.1)
HTTP/1.1 200 OK
X-Powered-By: Express
Content-Type: application/json; charset=utf-8
Content-Length: 14
ETag: W/"e-2ZHvAWebNQpyjGZTg6uyV8/spTo"
Date: Wed, 10 May 2023 13:42:04 GMT
Connection: keep-alive
Keep-Alive: timeout=600

20:42:04.660 [AsyncHttpClient-1-2] DEBUG org.asynchttpclient.netty.channel.ChannelManager - Adding key: http://0.0.0.0:4723 for channel [id: 0x07de3fa5, L:/127.0.0.1:64644 - R:/127.0.0.1:4723]
20:42:04.661 [Forwarding getElementText on session 84188b48-4b27-4627-bcff-ec6811b29a8c to remote] DEBUG org.asynchttpclient.netty.request.NettyRequestSender - Using pooled Channel '[id: 0x07de3fa5, L:/127.0.0.1:64644 - R:/127.0.0.1:4723]' for 'GET' to 'http://0.0.0.0:4723/wd/hub/session/84188b48-4b27-4627-bcff-ec6811b29a8c/element/00000000-0000-001d-0000-000500000003/text'
20:42:04.661 [Forwarding getElementText on session 84188b48-4b27-4627-bcff-ec6811b29a8c to remote] DEBUG org.asynchttpclient.netty.request.NettyRequestSender - Using open Channel [id: 0x07de3fa5, L:/127.0.0.1:64644 - R:/127.0.0.1:4723] for GET '/wd/hub/session/84188b48-4b27-4627-bcff-ec6811b29a8c/element/00000000-0000-001d-0000-000500000003/text'
20:42:04.697 [AsyncHttpClient-1-2] DEBUG org.asynchttpclient.netty.handler.HttpHandler - 

Request DefaultFullHttpRequest(decodeResult: success, version: HTTP/1.1, content: EmptyByteBufBE)
GET /wd/hub/session/84188b48-4b27-4627-bcff-ec6811b29a8c/element/00000000-0000-001d-0000-000500000003/text HTTP/1.1
User-Agent: appium/8.3.0 (selenium/4.8.1 (java windows))
Cache-Control: no-cache
Content-Type: application/json; charset=utf-8
host: 0.0.0.0:4723
accept: */*

Response DefaultHttpResponse(decodeResult: success, version: HTTP/1.1)
HTTP/1.1 200 OK
X-Powered-By: Express
Content-Type: application/json; charset=utf-8
Content-Length: 63
ETag: W/"3f-AM/UZCWHj2kymrw3/c6XKOB1Ewo"
Date: Wed, 10 May 2023 13:42:04 GMT
Connection: keep-alive
Keep-Alive: timeout=600

20:42:04.698 [AsyncHttpClient-1-2] DEBUG org.asynchttpclient.netty.channel.ChannelManager - Adding key: http://0.0.0.0:4723 for channel [id: 0x07de3fa5, L:/127.0.0.1:64644 - R:/127.0.0.1:4723]
20:42:04.698 [main] DEBUG net.thucydides.core.steps.StepInterceptor - STEP DONE: onHomepage
]]></system-out>
  </testcase>
</testsuite>